<?xml version="1.0" encoding="UTF-8"?>
<!-- Generated by org.testng.reporters.JUnitReportReporter -->
<testsuite hostname="DESKTOP-N5Q8SR4" failures="0" tests="1" name="com.kisaan.admin.testcases.TC_54_Admin_Dashboard_ViewAll" time="19.496" errors="0" timestamp="2021-03-26T17:54:00 IST" skipped="0">
  <testcase classname="com.kisaan.admin.testcases.TC_54_Admin_Dashboard_ViewAll" name="admin_DashBoardViewAllButton" time="19.496"/>
  <system-out/>
</testsuite> <!-- com.kisaan.admin.testcases.TC_54_Admin_Dashboard_ViewAll -->
