<?xml version="1.0" encoding="UTF-8"?>
<!-- Generated by org.testng.reporters.JUnitReportReporter -->
<testsuite hostname="DESKTOP-N5Q8SR4" failures="0" tests="1" name="com.kisaan.admin.testcases.TC_51_Admin_GeneralSetting_Footer" time="55.774" errors="0" timestamp="2021-03-23T17:20:28 IST" skipped="0">
  <testcase classname="com.kisaan.admin.testcases.TC_51_Admin_GeneralSetting_Footer" name="admin_GeneralSetting_Footer" time="55.774"/>
  <system-out/>
</testsuite> <!-- com.kisaan.admin.testcases.TC_51_Admin_GeneralSetting_Footer -->
