<?xml version="1.0" encoding="UTF-8"?>
<!-- Generated by org.testng.reporters.JUnitReportReporter -->
<testsuite hostname="DESKTOP-N5Q8SR4" failures="0" tests="1" name="com.kisaan.admin.testcases.TC_11_Admin_Vendors_RemoveVendors" time="64.795" errors="0" timestamp="2021-03-23T17:20:27 IST" skipped="0">
  <testcase classname="com.kisaan.admin.testcases.TC_11_Admin_Vendors_RemoveVendors" name="admin_RemoveVendors" time="64.795"/>
  <system-out/>
</testsuite> <!-- com.kisaan.admin.testcases.TC_11_Admin_Vendors_RemoveVendors -->
