<?xml version="1.0" encoding="UTF-8"?>
<!-- Generated by org.testng.reporters.JUnitReportReporter -->
<testsuite hostname="DESKTOP-N5Q8SR4" failures="0" tests="1" name="com.kisaan.admin.testcases.TC_08_Product_Deactive_Active" time="162.323" errors="0" timestamp="2021-03-26T17:54:00 IST" skipped="0">
  <testcase classname="com.kisaan.admin.testcases.TC_08_Product_Deactive_Active" name="admin_DeactiveProducts" time="162.323"/>
  <system-out/>
</testsuite> <!-- com.kisaan.admin.testcases.TC_08_Product_Deactive_Active -->
