<?xml version="1.0" encoding="UTF-8"?>
<!-- Generated by org.testng.reporters.JUnitReportReporter -->
<testsuite hostname="DESKTOP-N5Q8SR4" failures="0" tests="1" name="com.kisaan.admin.testcases.TC_64_Admin_FarmersMarket_ViewDetails" time="219.236" errors="0" timestamp="2021-04-18T14:16:54 IST" skipped="0">
  <testcase classname="com.kisaan.admin.testcases.TC_64_Admin_FarmersMarket_ViewDetails" name="admin_FarmersMarket_DeactiveMarket" time="219.236"/>
  <system-out/>
</testsuite> <!-- com.kisaan.admin.testcases.TC_64_Admin_FarmersMarket_ViewDetails -->
