<?xml version="1.0" encoding="UTF-8"?>
<!-- Generated by org.testng.reporters.JUnitReportReporter -->
<testsuite hostname="DESKTOP-N5Q8SR4" failures="0" tests="1" name="com.kisaan.admin.testcases.TC_57_Admin_Orders_ViewDetails" time="154.210" errors="0" timestamp="2021-04-13T17:25:10 IST" skipped="0">
  <testcase classname="com.kisaan.admin.testcases.TC_57_Admin_Orders_ViewDetails" name="admin_Orders_ViewDetails" time="154.210"/>
  <system-out/>
</testsuite> <!-- com.kisaan.admin.testcases.TC_57_Admin_Orders_ViewDetails -->
