<?xml version="1.0" encoding="UTF-8"?>
<!-- Generated by org.testng.reporters.JUnitReportReporter -->
<testsuite hostname="DESKTOP-N5Q8SR4" failures="0" tests="1" name="com.kisan.admin.testcases.TC_01_Admin_SignIn" time="14.720" errors="0" timestamp="2021-03-09T12:50:51 IST" skipped="0">
  <testcase classname="com.kisan.admin.testcases.TC_01_Admin_SignIn" name="Admin_SignIn" time="14.720"/>
  <system-out/>
</testsuite> <!-- com.kisan.admin.testcases.TC_01_Admin_SignIn -->
