<?xml version="1.0" encoding="UTF-8"?>
<!-- Generated by org.testng.reporters.JUnitReportReporter -->
<testsuite hostname="DESKTOP-N5Q8SR4" failures="0" tests="1" name="com.kisaan.vendor.testcases.TC_01_Vendor_SignUp" time="18.898" errors="0" timestamp="2021-03-24T16:48:39 IST" skipped="0">
  <testcase classname="com.kisaan.vendor.testcases.TC_01_Vendor_SignUp" name="vendor_SignUp" time="18.898"/>
  <system-out/>
</testsuite> <!-- com.kisaan.vendor.testcases.TC_01_Vendor_SignUp -->
