<?xml version="1.0" encoding="UTF-8"?>
<!-- Generated by org.testng.reporters.JUnitReportReporter -->
<testsuite hostname="DESKTOP-N5Q8SR4" failures="0" tests="1" name="com.kisaan.admin.testcases.TC_60_Admin_ManageUnit_EditUnit" time="274.741" errors="0" timestamp="2021-04-18T11:09:37 IST" skipped="0">
  <testcase classname="com.kisaan.admin.testcases.TC_60_Admin_ManageUnit_EditUnit" name="admin_ManageUnit_EditUnit" time="274.741"/>
  <system-out/>
</testsuite> <!-- com.kisaan.admin.testcases.TC_60_Admin_ManageUnit_EditUnit -->
