<?xml version="1.0" encoding="UTF-8"?>
<!-- Generated by org.testng.reporters.JUnitReportReporter -->
<testsuite hostname="DESKTOP-N5Q8SR4" failures="0" tests="1" name="com.kisaan.vendor.testcases.TC_03_VendorDashboardAccordion" time="12.563" errors="0" timestamp="2021-03-26T16:35:23 IST" skipped="0">
  <testcase classname="com.kisaan.vendor.testcases.TC_03_VendorDashboardAccordion" name="vendor_SignIn" time="12.563"/>
  <system-out/>
</testsuite> <!-- com.kisaan.vendor.testcases.TC_03_VendorDashboardAccordion -->
