<?xml version="1.0" encoding="UTF-8"?>
<!-- Generated by org.testng.reporters.JUnitReportReporter -->
<testsuite hostname="DESKTOP-N5Q8SR4" failures="0" tests="1" name="com.kisaan.admin.testcases.test" time="45.305" errors="0" timestamp="2021-03-16T22:58:39 IST" skipped="0">
  <testcase classname="com.kisaan.admin.testcases.test" name="admin_PageSetting_Contact_Page" time="45.305"/>
  <system-out/>
</testsuite> <!-- com.kisaan.admin.testcases.test -->
