<?xml version="1.0" encoding="UTF-8"?>
<!-- Generated by org.testng.reporters.JUnitReportReporter -->
<testsuite hostname="DESKTOP-N5Q8SR4" failures="0" tests="1" name="com.kisaan.admin.testcases.TC_41_Admin_PageSetting_Contact_Us_Page" time="41.108" errors="0" timestamp="2021-03-26T17:54:01 IST" skipped="0">
  <testcase classname="com.kisaan.admin.testcases.TC_41_Admin_PageSetting_Contact_Us_Page" name="admin_PageSetting_Contact_Page" time="41.108"/>
  <system-out/>
</testsuite> <!-- com.kisaan.admin.testcases.TC_41_Admin_PageSetting_Contact_Us_Page -->
