<?xml version="1.0" encoding="UTF-8"?>
<!-- Generated by org.testng.reporters.JUnitReportReporter -->
<testsuite hostname="DESKTOP-N5Q8SR4" failures="0" tests="1" name="com.kisaan.admin.testcases.TC_17_Admin_Customer_RemoveCustomer" time="60.271" errors="0" timestamp="2021-03-23T17:20:28 IST" skipped="0">
  <testcase classname="com.kisaan.admin.testcases.TC_17_Admin_Customer_RemoveCustomer" name="admin_Customer_Remove" time="60.271"/>
  <system-out/>
</testsuite> <!-- com.kisaan.admin.testcases.TC_17_Admin_Customer_RemoveCustomer -->
