<?xml version="1.0" encoding="UTF-8"?>
<!-- Generated by org.testng.reporters.JUnitReportReporter -->
<testsuite hostname="DESKTOP-N5Q8SR4" failures="0" tests="1" name="com.kisaan.customer.testcases.TC_17_Customer_AddProduct_PickUp_Checkout" time="122.358" errors="0" timestamp="2021-03-26T12:00:59 IST" skipped="0">
  <testcase classname="com.kisaan.customer.testcases.TC_17_Customer_AddProduct_PickUp_Checkout" name="customer_AddProductCheckout" time="122.358"/>
  <system-out/>
</testsuite> <!-- com.kisaan.customer.testcases.TC_17_Customer_AddProduct_PickUp_Checkout -->
