<?xml version="1.0" encoding="UTF-8"?>
<!-- Generated by org.testng.reporters.JUnitReportReporter -->
<testsuite hostname="DESKTOP-165ABPJ" name="com.kisaan.customer.testcases.TC_11_Vendor_SignIn" tests="1" failures="0" timestamp="1 Mar 2021 06:54:33 GMT" time="7.570" errors="0">
  <testcase name="vendor_SignIn" time="7.570" classname="com.kisaan.customer.testcases.TC_11_Vendor_SignIn"/>
</testsuite> <!-- com.kisaan.customer.testcases.TC_11_Vendor_SignIn -->
