<?xml version="1.0" encoding="UTF-8"?>
<!-- Generated by org.testng.reporters.JUnitReportReporter -->
<testsuite hostname="DESKTOP-N5Q8SR4" failures="0" tests="1" name="com.kisaan.customer.testcases.TC_16_VerifyLinkedin_Link" time="15.204" errors="0" timestamp="2021-03-26T12:00:59 IST" skipped="0">
  <testcase classname="com.kisaan.customer.testcases.TC_16_VerifyLinkedin_Link" name="verify_LinkedinLink" time="15.204"/>
  <system-out/>
</testsuite> <!-- com.kisaan.customer.testcases.TC_16_VerifyLinkedin_Link -->
