<?xml version="1.0" encoding="UTF-8"?>
<!-- Generated by org.testng.reporters.JUnitReportReporter -->
<testsuite hostname="DESKTOP-N5Q8SR4" failures="0" tests="1" name="com.kisaan.admin.testcases.TC_18_Admin_Customer_ViewDetails" time="39.536" errors="0" timestamp="2021-03-12T11:05:38 IST" skipped="0">
  <testcase classname="com.kisaan.admin.testcases.TC_18_Admin_Customer_ViewDetails" name="customer_SignUp" time="39.536"/>
  <system-out/>
</testsuite> <!-- com.kisaan.admin.testcases.TC_18_Admin_Customer_ViewDetails -->
