<?xml version="1.0" encoding="UTF-8"?>
<!-- Generated by org.testng.reporters.JUnitReportReporter -->
<testsuite hostname="DESKTOP-N5Q8SR4" failures="0" tests="1" name="com.kisaan.admin.testcases.TC_62_Admin_FarmersMarket_EditMarket" time="243.928" errors="0" timestamp="2021-04-18T13:41:59 IST" skipped="0">
  <testcase classname="com.kisaan.admin.testcases.TC_62_Admin_FarmersMarket_EditMarket" name="admin_FarmersMarket_EditMarket" time="243.928"/>
  <system-out/>
</testsuite> <!-- com.kisaan.admin.testcases.TC_62_Admin_FarmersMarket_EditMarket -->
