<?xml version="1.0" encoding="UTF-8"?>
<!-- Generated by org.testng.reporters.JUnitReportReporter -->
<testsuite hostname="DESKTOP-N5Q8SR4" failures="0" tests="1" name="com.kisaan.admin.testcases.TC_63_Admin_FarmersMarket_DeactivateMarket" time="306.868" errors="0" timestamp="2021-04-18T13:58:33 IST" skipped="0">
  <testcase classname="com.kisaan.admin.testcases.TC_63_Admin_FarmersMarket_DeactivateMarket" name="admin_FarmersMarket_DeactiveMarket" time="306.868"/>
  <system-out/>
</testsuite> <!-- com.kisaan.admin.testcases.TC_63_Admin_FarmersMarket_DeactivateMarket -->
