<?xml version="1.0" encoding="UTF-8"?>
<!-- Generated by org.testng.reporters.JUnitReportReporter -->
<testsuite hostname="DESKTOP-N5Q8SR4" failures="0" tests="1" name="com.kisaan.admin.testcases.TC_50_Admin_GeneralSetting_OfficeAddress" time="55.573" errors="0" timestamp="2021-03-23T17:20:28 IST" skipped="0">
  <testcase classname="com.kisaan.admin.testcases.TC_50_Admin_GeneralSetting_OfficeAddress" name="admin_GeneralSetting_OfficeAddress" time="55.573"/>
  <system-out/>
</testsuite> <!-- com.kisaan.admin.testcases.TC_50_Admin_GeneralSetting_OfficeAddress -->
