<?xml version="1.0" encoding="UTF-8"?>
<!-- Generated by org.testng.reporters.JUnitReportReporter -->
<testsuite hostname="DESKTOP-N5Q8SR4" failures="0" tests="1" name="com.kisaan.customer.testcases.TC_07_Customer_AddProductCheckout" time="82.335" errors="0" timestamp="2021-03-26T12:00:59 IST" skipped="0">
  <testcase classname="com.kisaan.customer.testcases.TC_07_Customer_AddProductCheckout" name="customer_AddProductCheckout" time="82.335"/>
  <system-out/>
</testsuite> <!-- com.kisaan.customer.testcases.TC_07_Customer_AddProductCheckout -->
