<?xml version="1.0" encoding="UTF-8"?>
<!-- Generated by org.testng.reporters.JUnitReportReporter -->
<testsuite hostname="DESKTOP-N5Q8SR4" failures="0" tests="1" name="com.kisaan.admin.testcases.TC_44_Admin_Update_WebsiteLogo" time="55.743" errors="0" timestamp="2021-03-23T17:20:28 IST" skipped="0">
  <testcase classname="com.kisaan.admin.testcases.TC_44_Admin_Update_WebsiteLogo" name="admin_WebsiteLogo" time="55.743"/>
  <system-out/>
</testsuite> <!-- com.kisaan.admin.testcases.TC_44_Admin_Update_WebsiteLogo -->
