<?xml version="1.0" encoding="UTF-8"?>
<!-- Generated by org.testng.reporters.JUnitReportReporter -->
<testsuite hostname="DESKTOP-N5Q8SR4" failures="0" tests="1" name="com.kisaan.admin.testcases.TC_16_Admin_Customer_SendMail" time="63.741" errors="0" timestamp="2021-03-23T17:20:28 IST" skipped="0">
  <testcase classname="com.kisaan.admin.testcases.TC_16_Admin_Customer_SendMail" name="admin_Customer_SendEmail" time="63.741"/>
  <system-out/>
</testsuite> <!-- com.kisaan.admin.testcases.TC_16_Admin_Customer_SendMail -->
