<?xml version="1.0" encoding="UTF-8"?>
<!-- Generated by org.testng.reporters.JUnitReportReporter -->
<testsuite hostname="DESKTOP-N5Q8SR4" failures="0" tests="1" name="com.kisaan.admin.testcases.TC_21_Admin_Manage_Category_Add_SubCategory" time="89.794" errors="0" timestamp="2021-03-26T17:54:01 IST" skipped="0">
  <testcase classname="com.kisaan.admin.testcases.TC_21_Admin_Manage_Category_Add_SubCategory" name="admin_Add_SubCategory" time="89.794"/>
  <system-out/>
</testsuite> <!-- com.kisaan.admin.testcases.TC_21_Admin_Manage_Category_Add_SubCategory -->
