<?xml version="1.0" encoding="UTF-8"?>
<!-- Generated by org.testng.reporters.JUnitReportReporter -->
<testsuite hostname="DESKTOP-N5Q8SR4" failures="0" tests="1" name="com.kisaan.admin.testcases.Tc_53_Admin_Dashboard" time="23.888" errors="0" timestamp="2021-03-23T17:20:27 IST" skipped="0">
  <testcase classname="com.kisaan.admin.testcases.Tc_53_Admin_Dashboard" name="admin_DashBoard" time="23.888"/>
  <system-out/>
</testsuite> <!-- com.kisaan.admin.testcases.Tc_53_Admin_Dashboard -->
