<?xml version="1.0" encoding="UTF-8"?>
<!-- Generated by org.testng.reporters.JUnitReportReporter -->
<testsuite hostname="DESKTOP-N5Q8SR4" failures="0" tests="1" name="com.kisaan.customer.testcases.TC_12_Customer_SignOut" time="12.893" errors="0" timestamp="2021-03-26T12:00:59 IST" skipped="0">
  <testcase classname="com.kisaan.customer.testcases.TC_12_Customer_SignOut" name="customer_SignOut" time="12.893"/>
  <system-out/>
</testsuite> <!-- com.kisaan.customer.testcases.TC_12_Customer_SignOut -->
