<?xml version="1.0" encoding="UTF-8"?>
<!-- Generated by org.testng.reporters.JUnitReportReporter -->
<testsuite hostname="DESKTOP-N5Q8SR4" failures="0" tests="1" name="com.kisaan.vendor.testcases.TC_13_Vendor_AddFarmersMarket" time="149.894" errors="0" timestamp="2021-04-18T20:34:25 IST" skipped="0">
  <testcase classname="com.kisaan.vendor.testcases.TC_13_Vendor_AddFarmersMarket" name="vendor_AddSuperMarket" time="149.894"/>
  <system-out/>
</testsuite> <!-- com.kisaan.vendor.testcases.TC_13_Vendor_AddFarmersMarket -->
