<?xml version="1.0" encoding="UTF-8"?>
<!-- Generated by org.testng.reporters.JUnitReportReporter -->
<testsuite hostname="DESKTOP-N5Q8SR4" failures="0" tests="1" name="com.kisaan.admin.testcases.TC_61_Admin_FarmersMarket_AddMarket" time="155.369" errors="0" timestamp="2021-04-18T13:12:52 IST" skipped="0">
  <testcase classname="com.kisaan.admin.testcases.TC_61_Admin_FarmersMarket_AddMarket" name="admin_FarmersMarket_AddMarket" time="155.369"/>
  <system-out/>
</testsuite> <!-- com.kisaan.admin.testcases.TC_61_Admin_FarmersMarket_AddMarket -->
