<?xml version="1.0" encoding="UTF-8"?>
<!-- Generated by org.testng.reporters.JUnitReportReporter -->
<testsuite hostname="DESKTOP-N5Q8SR4" failures="0" tests="1" name="com.kisaan.admin.testcases.TC_33_Admin_PageSetting_Edit_FAQ" time="74.799" errors="0" timestamp="2021-03-23T17:20:27 IST" skipped="0">
  <testcase classname="com.kisaan.admin.testcases.TC_33_Admin_PageSetting_Edit_FAQ" name="admin_EditFAQ" time="74.799"/>
  <system-out/>
</testsuite> <!-- com.kisaan.admin.testcases.TC_33_Admin_PageSetting_Edit_FAQ -->
