<?xml version="1.0" encoding="UTF-8"?>
<!-- Generated by org.testng.reporters.JUnitReportReporter -->
<testsuite hostname="DESKTOP-N5Q8SR4" failures="0" tests="1" name="com.kisaan.admin.testcases.TC_32_Admin_PageSetting_Add_Edit_FAQ" time="61.573" errors="0" timestamp="2021-03-16T12:24:18 IST" skipped="0">
  <testcase classname="com.kisaan.admin.testcases.TC_32_Admin_PageSetting_Add_Edit_FAQ" name="admin_EditFAQ" time="61.573"/>
  <system-out/>
</testsuite> <!-- com.kisaan.admin.testcases.TC_32_Admin_PageSetting_Add_Edit_FAQ -->
