<?xml version="1.0" encoding="UTF-8"?>
<!-- Generated by org.testng.reporters.JUnitReportReporter -->
<testsuite hostname="DESKTOP-N5Q8SR4" failures="0" tests="1" name="com.kisaan.admin.testcases.TC_24_Admin_ServiceArea_AddArea" time="43.290" errors="0" timestamp="2021-03-23T17:20:27 IST" skipped="0">
  <testcase classname="com.kisaan.admin.testcases.TC_24_Admin_ServiceArea_AddArea" name="admin_Add_ZipCode" time="43.290"/>
  <system-out/>
</testsuite> <!-- com.kisaan.admin.testcases.TC_24_Admin_ServiceArea_AddArea -->
