<?xml version="1.0" encoding="UTF-8"?>
<!-- Generated by org.testng.reporters.JUnitReportReporter -->
<testsuite hostname="DESKTOP-N5Q8SR4" failures="0" tests="1" name="com.kisaan.admin.testcases.TC_15_Admin_Customer_ViewDetails" time="57.911" errors="0" timestamp="2021-03-23T17:20:28 IST" skipped="0">
  <testcase classname="com.kisaan.admin.testcases.TC_15_Admin_Customer_ViewDetails" name="admin_Customer_ViewList" time="57.911"/>
  <system-out/>
</testsuite> <!-- com.kisaan.admin.testcases.TC_15_Admin_Customer_ViewDetails -->
