<?xml version="1.0" encoding="UTF-8"?>
<!-- Generated by org.testng.reporters.JUnitReportReporter -->
<testsuite hostname="DESKTOP-N5Q8SR4" failures="0" tests="1" name="com.kisaan.admin.testcases.TC_47_Admin_GeneralSetting_PaymentSetting" time="309.853" errors="0" timestamp="2021-04-12T11:03:02 IST" skipped="0">
  <testcase classname="com.kisaan.admin.testcases.TC_47_Admin_GeneralSetting_PaymentSetting" name="admin_Payment_Setting" time="309.853"/>
  <system-out/>
</testsuite> <!-- com.kisaan.admin.testcases.TC_47_Admin_GeneralSetting_PaymentSetting -->
