<?xml version="1.0" encoding="UTF-8"?>
<!-- Generated by org.testng.reporters.JUnitReportReporter -->
<testsuite hostname="DESKTOP-165ABPJ" name="com.kisaan.customer.testcases.TC_10_Vendor_SignUp" tests="1" failures="0" timestamp="28 Feb 2021 08:36:53 GMT" time="11.287" errors="0">
  <testcase name="vendor_SignUp" time="11.287" classname="com.kisaan.customer.testcases.TC_10_Vendor_SignUp"/>
</testsuite> <!-- com.kisaan.customer.testcases.TC_10_Vendor_SignUp -->
