<?xml version="1.0" encoding="UTF-8"?>
<!-- Generated by org.testng.reporters.JUnitReportReporter -->
<testsuite hostname="DESKTOP-N5Q8SR4" failures="0" tests="1" name="com.kisaan.admin.testcases.TC_14_Admin_Vendors_ViewList" time="53.206" errors="0" timestamp="2021-03-26T17:54:01 IST" skipped="0">
  <testcase classname="com.kisaan.admin.testcases.TC_14_Admin_Vendors_ViewList" name="admin_Vendors_ViewList" time="53.206"/>
  <system-out/>
</testsuite> <!-- com.kisaan.admin.testcases.TC_14_Admin_Vendors_ViewList -->
